TN:
SF:public/html/static/scripts/signup.js
FN:1,toggleTickBoxWithText
FN:6,checkValidity
FN:12,(anonymous_2)
FN:32,validateEmail
FN:38,buttonAction
FN:48,initializeProfileUpload
FN:55,(anonymous_6)
FN:58,(anonymous_7)
FN:62,(anonymous_8)
FN:68,(anonymous_9)
FN:78,(anonymous_10)
FN:79,(anonymous_11)
FN:83,(anonymous_12)
FN:91,(anonymous_13)
FN:100,updateValidateButtonState
FNF:15
FNH:0
FNDA:0,toggleTickBoxWithText
FNDA:0,checkValidity
FNDA:0,(anonymous_2)
FNDA:0,validateEmail
FNDA:0,buttonAction
FNDA:0,initializeProfileUpload
FNDA:0,(anonymous_6)
FNDA:0,(anonymous_7)
FNDA:0,(anonymous_8)
FNDA:0,(anonymous_9)
FNDA:0,(anonymous_10)
FNDA:0,(anonymous_11)
FNDA:0,(anonymous_12)
FNDA:0,(anonymous_13)
FNDA:0,updateValidateButtonState
DA:2,0
DA:3,0
DA:7,0
DA:8,0
DA:9,0
DA:10,0
DA:12,0
DA:13,0
DA:14,0
DA:18,0
DA:19,0
DA:20,0
DA:21,0
DA:24,0
DA:25,0
DA:26,0
DA:29,0
DA:33,0
DA:34,0
DA:35,0
DA:39,0
DA:40,0
DA:43,0
DA:44,0
DA:45,0
DA:50,0
DA:51,0
DA:52,0
DA:53,0
DA:55,0
DA:56,0
DA:58,0
DA:59,0
DA:60,0
DA:61,0
DA:62,0
DA:63,0
DA:65,0
DA:68,0
DA:69,0
DA:70,0
DA:71,0
DA:72,0
DA:75,0
DA:78,0
DA:79,0
DA:83,0
DA:85,0
DA:86,0
DA:89,0
DA:90,0
DA:91,0
DA:92,0
DA:93,0
DA:97,0
DA:98,0
DA:99,0
DA:101,0
DA:102,0
DA:104,0
DA:107,0
DA:110,0
DA:111,0
DA:114,0
LF:64
LH:0
BRDA:13,0,0,0
BRDA:13,0,1,0
BRDA:20,1,0,0
BRDA:20,1,1,0
BRDA:25,2,0,0
BRDA:25,2,1,0
BRDA:60,3,0,0
BRDA:60,3,1,0
BRDA:71,4,0,0
BRDA:71,4,1,0
BRDA:101,5,0,0
BRDA:101,5,1,0
BRF:12
BRH:0
end_of_record
TN:
SF:src/App.jsx
FN:7,App
FNF:1
FNH:0
FNDA:0,App
DA:8,0
LF:1
LH:0
BRF:0
BRH:0
end_of_record
TN:
SF:src/main.jsx
FNF:0
FNH:0
DA:6,0
LF:1
LH:0
BRF:0
BRH:0
end_of_record
TN:
SF:src/components/certificate/CertificateBtn.jsx
FN:2,CertificateBtn
FN:6,(anonymous_1)
FN:32,(anonymous_2)
FN:39,(anonymous_3)
FNF:4
FNH:0
FNDA:0,CertificateBtn
FNDA:0,(anonymous_1)
FNDA:0,(anonymous_2)
FNDA:0,(anonymous_3)
DA:3,0
DA:4,0
DA:6,0
DA:7,0
DA:8,0
DA:11,0
DA:12,0
DA:13,0
DA:32,0
DA:33,0
DA:34,0
DA:36,0
DA:39,0
DA:40,0
DA:41,0
DA:42,0
DA:43,0
DA:45,0
DA:46,0
LF:19
LH:0
BRDA:7,0,0,0
BRDA:7,0,1,0
BRDA:33,1,0,0
BRDA:33,1,1,0
BRDA:48,2,0,0
BRDA:48,2,1,0
BRF:6
BRH:0
end_of_record
TN:
SF:src/components/certificate/CertificateMember.jsx
FN:5,CertificateMember
FN:16,(anonymous_1)
FN:23,(anonymous_2)
FN:44,(anonymous_3)
FN:82,(anonymous_4)
FN:98,(anonymous_5)
FNF:6
FNH:0
FNDA:0,CertificateMember
FNDA:0,(anonymous_1)
FNDA:0,(anonymous_2)
FNDA:0,(anonymous_3)
FNDA:0,(anonymous_4)
FNDA:0,(anonymous_5)
DA:12,0
DA:13,0
DA:14,0
DA:16,0
DA:17,0
DA:23,0
DA:24,0
DA:25,0
DA:28,0
DA:34,0
DA:45,0
DA:83,0
DA:84,0
DA:85,0
DA:99,0
DA:100,0
DA:101,0
LF:17
LH:0
BRDA:17,0,0,0
BRDA:17,0,1,0
BRDA:19,1,0,0
BRDA:19,1,1,0
BRDA:25,2,0,0
BRDA:25,2,1,0
BRDA:28,3,0,0
BRDA:28,3,1,0
BRDA:71,4,0,0
BRDA:71,4,1,0
BRDA:107,5,0,0
BRDA:107,5,1,0
BRF:12
BRH:0
end_of_record
TN:
SF:src/components/common/Header.jsx
FN:3,Header
FNF:1
FNH:1
FNDA:7,Header
DA:4,7
LF:1
LH:1
BRF:0
BRH:0
end_of_record
TN:
SF:src/components/common/HtmlLoader.jsx
FN:3,(anonymous_0)
FN:4,(anonymous_1)
FN:8,(anonymous_2)
FN:9,(anonymous_3)
FN:20,(anonymous_4)
FN:28,(anonymous_5)
FNF:6
FNH:0
FNDA:0,(anonymous_0)
FNDA:0,(anonymous_1)
FNDA:0,(anonymous_2)
FNDA:0,(anonymous_3)
FNDA:0,(anonymous_4)
FNDA:0,(anonymous_5)
DA:3,0
DA:4,0
DA:5,0
DA:8,0
DA:9,0
DA:10,0
DA:11,0
DA:12,0
DA:13,0
DA:14,0
DA:15,0
DA:20,0
DA:21,0
DA:22,0
DA:23,0
DA:25,0
DA:26,0
DA:27,0
DA:28,0
DA:31,0
DA:34,0
DA:35,0
DA:36,0
DA:38,0
DA:42,0
DA:45,0
LF:26
LH:0
BRF:0
BRH:0
end_of_record
TN:
SF:src/components/common/Nav.jsx
FN:6,Nav
FN:8,(anonymous_1)
FN:18,(anonymous_2)
FNF:3
FNH:2
FNDA:7,Nav
FNDA:4,(anonymous_1)
FNDA:0,(anonymous_2)
DA:7,7
DA:8,7
DA:9,4
DA:10,0
DA:11,0
DA:12,0
DA:13,0
DA:14,4
DA:18,7
DA:19,0
DA:22,7
LF:11
LH:6
BRDA:9,0,0,0
BRDA:9,0,1,0
BRDA:9,0,2,0
BRDA:9,0,3,0
BRDA:9,0,4,4
BRF:5
BRH:1
end_of_record
TN:
SF:src/pages/CertificationPage.jsx
FN:16,CertificationPage
FN:37,(anonymous_1)
FNF:2
FNH:0
FNDA:0,CertificationPage
FNDA:0,(anonymous_1)
DA:8,0
DA:17,0
DA:38,0
LF:3
LH:0
BRF:0
BRH:0
end_of_record
TN:
SF:src/pages/GroupMainPage.jsx
FN:7,GroupMainPage
FN:59,(anonymous_1)
FNF:2
FNH:0
FNDA:0,GroupMainPage
FNDA:0,(anonymous_1)
DA:8,0
DA:9,0
DA:10,0
DA:12,0
DA:24,0
DA:60,0
LF:6
LH:0
BRF:0
BRH:0
end_of_record
TN:
SF:src/pages/LoginPage.jsx
FN:4,LoginPage
FN:28,(anonymous_1)
FN:36,(anonymous_2)
FN:46,(anonymous_3)
FN:47,(anonymous_4)
FNF:5
FNH:0
FNDA:0,LoginPage
FNDA:0,(anonymous_1)
FNDA:0,(anonymous_2)
FNDA:0,(anonymous_3)
FNDA:0,(anonymous_4)
DA:5,0
DA:6,0
DA:7,0
DA:28,0
DA:36,0
DA:46,0
DA:47,0
LF:7
LH:0
BRF:0
BRH:0
end_of_record
TN:
SF:src/pages/PenaltyPage.jsx
FN:5,PenaltyPage
FN:10,(anonymous_1)
FN:18,(anonymous_2)
FN:40,(anonymous_3)
FN:45,(anonymous_4)
FN:56,(anonymous_5)
FN:88,(anonymous_6)
FN:109,(anonymous_7)
FN:219,(anonymous_8)
FNF:9
FNH:9
FNDA:7,PenaltyPage
FNDA:4,(anonymous_1)
FNDA:2,(anonymous_2)
FNDA:4,(anonymous_3)
FNDA:2,(anonymous_4)
FNDA:2,(anonymous_5)
FNDA:2,(anonymous_6)
FNDA:2,(anonymous_7)
FNDA:2,(anonymous_8)
DA:6,7
DA:7,7
DA:10,7
DA:11,4
DA:12,4
DA:15,2
DA:18,2
DA:19,2
DA:20,2
DA:31,2
DA:32,2
DA:34,1
DA:35,1
DA:40,7
DA:41,4
DA:45,7
DA:46,2
DA:47,2
DA:48,2
DA:49,2
DA:50,2
DA:52,2
DA:56,7
DA:57,2
DA:63,2
DA:65,1
DA:70,1
DA:80,0
DA:88,7
DA:89,2
DA:90,1
DA:105,1
DA:109,7
DA:110,2
DA:132,7
DA:220,2
DA:221,2
DA:225,2
DA:243,2
LF:39
LH:38
BRDA:63,0,0,1
BRDA:63,0,1,1
BRDA:63,0,2,0
BRDA:89,1,0,1
BRDA:89,1,1,1
BRDA:196,2,0,1
BRDA:196,2,1,6
BRDA:207,3,0,5
BRDA:207,3,1,1
BRDA:220,4,0,2
BRDA:220,4,1,0
BRDA:220,5,0,2
BRDA:220,5,1,1
BRDA:236,6,0,1
BRDA:236,6,1,1
BRF:15
BRH:13
end_of_record
TN:
SF:src/pages/PersonalCertificationPage.jsx
FN:6,PersonalCertificationPage
FNF:1
FNH:0
FNDA:0,PersonalCertificationPage
DA:7,0
DA:8,0
DA:9,0
DA:10,0
LF:4
LH:0
BRF:0
BRH:0
end_of_record
TN:
SF:src/pages/SignupPage.jsx
FN:6,SignupPage
FNF:1
FNH:0
FNDA:0,SignupPage
DA:7,0
LF:1
LH:0
BRF:0
BRH:0
end_of_record
TN:
SF:src/routers/router.jsx
FNF:0
FNH:0
DA:13,0
LF:1
LH:0
BRF:0
BRH:0
end_of_record
TN:
SF:tests/PenaltyPage.test.jsx
FN:7,(anonymous_0)
FN:8,(anonymous_1)
FN:18,(anonymous_2)
FN:36,(anonymous_3)
FN:47,(anonymous_4)
FN:58,(anonymous_5)
FN:65,(anonymous_6)
FN:74,(anonymous_7)
FN:81,(anonymous_8)
FNF:9
FNH:9
FNDA:1,(anonymous_0)
FNDA:1,(anonymous_1)
FNDA:1,(anonymous_2)
FNDA:2,(anonymous_3)
FNDA:1,(anonymous_4)
FNDA:1,(anonymous_5)
FNDA:1,(anonymous_6)
FNDA:2,(anonymous_7)
FNDA:1,(anonymous_8)
DA:7,1
DA:8,1
DA:9,1
DA:15,1
DA:18,1
DA:19,1
DA:26,1
DA:30,1
DA:36,1
DA:37,2
DA:38,1
DA:41,1
DA:42,1
DA:44,1
DA:47,1
DA:48,1
DA:52,1
DA:58,1
DA:59,1
DA:62,1
DA:65,1
DA:66,1
DA:68,1
DA:74,1
DA:75,2
DA:78,1
DA:81,1
DA:82,1
DA:89,1
DA:102,1
DA:103,1
LF:31
LH:31
BRF:0
BRH:0
end_of_record
